2024-04-05T01:30:50+00:00 NOTICE webhooks :: Ran plugin updater
2024-04-05T01:42:30+00:00 NOTICE action_scheduler.queue_job :: MailChimp_WooCommerce_Single_Product starts in 5 seconds :: obj_id 36
2024-04-05T01:45:11+00:00 NOTICE action_scheduler.queue_job :: MailChimp_WooCommerce_Single_Product starts in 5 seconds :: obj_id 38
2024-04-05T01:45:34+00:00 NOTICE action_scheduler.queue_job :: MailChimp_WooCommerce_Single_Product starts in 5 seconds :: obj_id 40
2024-04-05T01:46:07+00:00 NOTICE action_scheduler.queue_job :: MailChimp_WooCommerce_Single_Product starts in 5 seconds :: obj_id 40
2024-04-05T01:46:50+00:00 NOTICE action_scheduler.queue_job :: MailChimp_WooCommerce_Single_Product starts in 5 seconds :: obj_id 42
2024-04-05T01:49:09+00:00 NOTICE action_scheduler.queue_job :: MailChimp_WooCommerce_Single_Product starts in 5 seconds :: obj_id 42
2024-04-05T01:50:08+00:00 NOTICE action_scheduler.queue_job :: MailChimp_WooCommerce_Single_Product starts in 5 seconds :: obj_id 42
2024-04-05T02:02:56+00:00 NOTICE handleOrderUpdate :: order_status
2024-04-05T02:05:57+00:00 NOTICE handleOrderUpdate :: order_status
2024-04-05T02:05:57+00:00 NOTICE handleOrderUpdate :: order_status
2024-04-05T02:08:22+00:00 NOTICE handleOrderUpdate :: order_status
2024-04-05T02:08:22+00:00 NOTICE handleOrderUpdate :: order_status
2024-04-05T02:08:54+00:00 NOTICE handleOrderUpdate :: order_status
2024-04-05T02:08:54+00:00 NOTICE handleOrderUpdate :: order_status
2024-04-05T02:10:12+00:00 NOTICE handleOrderUpdate :: order_status
2024-04-05T02:10:12+00:00 NOTICE handleOrderUpdate :: order_status
2024-04-05T02:10:37+00:00 NOTICE handleOrderUpdate :: order_status
2024-04-05T02:10:37+00:00 NOTICE handleOrderUpdate :: order_status
2024-04-05T02:22:57+00:00 NOTICE handleOrderUpdate :: order_status
2024-04-05T02:22:57+00:00 NOTICE handleOrderUpdate :: order_status
2024-04-05T02:23:04+00:00 NOTICE handleOrderUpdate :: order_status
2024-04-05T02:23:04+00:00 NOTICE handleOrderUpdate :: order_status
2024-04-05T02:23:05+00:00 NOTICE handleOrderUpdate :: order_status
2024-04-05T02:23:05+00:00 NOTICE handleOrderUpdate :: order_status
2024-04-05T02:23:06+00:00 NOTICE handleOrderUpdate :: order_status
2024-04-05T02:23:06+00:00 NOTICE handleOrderUpdate :: order_status
2024-04-05T02:23:09+00:00 NOTICE handleOrderUpdate :: order_status
2024-04-05T02:23:09+00:00 NOTICE handleOrderUpdate :: order_status
2024-04-05T02:23:12+00:00 NOTICE handleOrderUpdate :: order_status
2024-04-05T02:23:12+00:00 NOTICE handleOrderUpdate :: order_status
2024-04-05T02:23:14+00:00 NOTICE handleOrderUpdate :: order_status
2024-04-05T02:23:14+00:00 NOTICE handleOrderUpdate :: order_status
2024-04-05T02:23:14+00:00 NOTICE action_scheduler.queue_job :: MailChimp_WooCommerce_Single_Order starts in 15 seconds :: obj_id 47
2024-04-05T02:23:15+00:00 NOTICE handleOrderUpdate :: order_status
2024-04-05T02:23:15+00:00 NOTICE action_scheduler.queue_job :: MailChimp_WooCommerce_User_Submit queued :: obj_id 1
2024-04-05T02:23:15+00:00 NOTICE handleOrderUpdate :: order_status
2024-04-05T02:23:15+00:00 NOTICE handleOrderUpdate :: order_status
2024-04-05T02:27:43+00:00 NOTICE handleOrderUpdate :: order_status
2024-04-05T02:27:45+00:00 NOTICE handleOrderUpdate :: order_status
2024-04-05T02:27:45+00:00 NOTICE handleOrderUpdate :: order_status
2024-04-05T02:27:48+00:00 NOTICE handleOrderUpdate :: order_status
2024-04-05T02:27:48+00:00 NOTICE handleOrderUpdate :: order_status
2024-04-05T02:27:48+00:00 NOTICE action_scheduler.queue_job :: MailChimp_WooCommerce_Single_Order starts in 15 seconds :: obj_id 61
2024-04-05T02:27:48+00:00 NOTICE handleOrderUpdate :: order_status
2024-04-05T02:27:48+00:00 NOTICE handleOrderUpdate :: order_status
2024-04-05T02:27:48+00:00 NOTICE handleOrderUpdate :: order_status
2024-04-05T02:28:09+00:00 NOTICE handleOrderUpdate :: order_status
2024-04-05T02:28:11+00:00 NOTICE handleOrderUpdate :: order_status
2024-04-05T02:28:11+00:00 NOTICE handleOrderUpdate :: order_status
2024-04-05T02:28:11+00:00 NOTICE action_scheduler.queue_job :: MailChimp_WooCommerce_Single_Order starts in 15 seconds :: obj_id 63
2024-04-05T02:28:11+00:00 NOTICE handleOrderUpdate :: order_status
2024-04-05T02:28:11+00:00 NOTICE action_scheduler.queue_job :: MailChimp_WooCommerce_User_Submit queued :: obj_id 1
2024-04-05T02:28:11+00:00 NOTICE handleOrderUpdate :: order_status
2024-04-05T02:28:11+00:00 NOTICE handleOrderUpdate :: order_status
2024-04-05T02:29:15+00:00 NOTICE handleOrderUpdate :: order_status
2024-04-05T02:29:17+00:00 NOTICE handleOrderUpdate :: order_status
2024-04-05T02:29:17+00:00 NOTICE handleOrderUpdate :: order_status
2024-04-05T02:29:17+00:00 NOTICE action_scheduler.queue_job :: MailChimp_WooCommerce_Single_Order starts in 15 seconds :: obj_id 64
2024-04-05T02:29:17+00:00 NOTICE handleOrderUpdate :: order_status
2024-04-05T02:29:17+00:00 NOTICE handleOrderUpdate :: order_status
2024-04-05T02:29:17+00:00 NOTICE handleOrderUpdate :: order_status
2024-04-05T03:05:55+00:00 NOTICE handleOrderUpdate :: order_status
2024-04-05T03:13:05+00:00 NOTICE handleOrderUpdate :: order_status
2024-04-05T03:13:05+00:00 NOTICE handleOrderUpdate :: order_status
2024-04-05T03:21:54+00:00 NOTICE handleOrderUpdate :: order_status
2024-04-05T03:21:54+00:00 NOTICE handleOrderUpdate :: order_status
2024-04-05T03:44:06+00:00 NOTICE handleOrderUpdate :: order_status
2024-04-05T03:44:06+00:00 NOTICE handleOrderUpdate :: order_status
2024-04-05T03:56:31+00:00 NOTICE handleOrderUpdate :: order_status
2024-04-05T03:56:38+00:00 NOTICE handleOrderUpdate :: order_status
2024-04-05T03:56:38+00:00 NOTICE handleOrderUpdate :: order_status
2024-04-05T03:56:42+00:00 NOTICE handleOrderUpdate :: order_status
2024-04-05T03:56:42+00:00 NOTICE handleOrderUpdate :: order_status
2024-04-05T03:56:44+00:00 NOTICE handleOrderUpdate :: order_status
2024-04-05T03:56:44+00:00 NOTICE handleOrderUpdate :: order_status
2024-04-05T03:56:45+00:00 NOTICE handleOrderUpdate :: order_status
2024-04-05T03:56:45+00:00 NOTICE handleOrderUpdate :: order_status
2024-04-05T03:56:48+00:00 NOTICE handleOrderUpdate :: order_status
2024-04-05T03:56:48+00:00 NOTICE handleOrderUpdate :: order_status
2024-04-05T03:56:56+00:00 NOTICE handleOrderUpdate :: order_status
2024-04-05T03:56:56+00:00 NOTICE handleOrderUpdate :: order_status
2024-04-05T03:56:59+00:00 NOTICE handleOrderUpdate :: order_status
2024-04-05T03:56:59+00:00 NOTICE handleOrderUpdate :: order_status
2024-04-05T03:56:59+00:00 NOTICE action_scheduler.queue_job :: MailChimp_WooCommerce_Single_Order starts in 15 seconds :: obj_id 83
2024-04-05T03:56:59+00:00 NOTICE handleOrderUpdate :: order_status
2024-04-05T03:56:59+00:00 NOTICE handleOrderUpdate :: order_status
2024-04-05T03:56:59+00:00 NOTICE handleOrderUpdate :: order_status
2024-04-05T22:08:18+00:00 NOTICE handleOrderUpdate :: order_status
2024-04-05T22:13:02+00:00 NOTICE handleOrderUpdate :: order_status
2024-04-05T22:13:02+00:00 NOTICE handleOrderUpdate :: order_status
2024-04-05T22:17:20+00:00 NOTICE handleOrderUpdate :: order_status
2024-04-05T22:17:20+00:00 NOTICE handleOrderUpdate :: order_status
2024-04-05T22:17:24+00:00 NOTICE handleOrderUpdate :: order_status
2024-04-05T22:17:24+00:00 NOTICE handleOrderUpdate :: order_status
2024-04-05T22:17:28+00:00 NOTICE handleOrderUpdate :: order_status
2024-04-05T22:17:28+00:00 NOTICE handleOrderUpdate :: order_status
2024-04-05T22:17:29+00:00 NOTICE handleOrderUpdate :: order_status
2024-04-05T22:17:29+00:00 NOTICE handleOrderUpdate :: order_status
2024-04-05T22:38:34+00:00 NOTICE handleOrderUpdate :: order_status
2024-04-05T22:38:34+00:00 NOTICE handleOrderUpdate :: order_status
2024-04-05T22:47:13+00:00 NOTICE handleOrderUpdate :: order_status
2024-04-05T23:02:32+00:00 NOTICE handleOrderUpdate :: order_status
2024-04-05T23:02:32+00:00 NOTICE handleOrderUpdate :: order_status
2024-04-05T23:02:34+00:00 NOTICE handleOrderUpdate :: order_status
2024-04-05T23:02:34+00:00 NOTICE handleOrderUpdate :: order_status
2024-04-05T23:02:35+00:00 NOTICE handleOrderUpdate :: order_status
2024-04-05T23:02:35+00:00 NOTICE handleOrderUpdate :: order_status
2024-04-05T23:07:30+00:00 NOTICE handleOrderUpdate :: order_status
2024-04-05T23:07:30+00:00 NOTICE handleOrderUpdate :: order_status
2024-04-05T23:09:05+00:00 NOTICE handleOrderUpdate :: order_status
2024-04-05T23:09:05+00:00 NOTICE handleOrderUpdate :: order_status
2024-04-05T23:09:09+00:00 NOTICE handleOrderUpdate :: order_status
2024-04-05T23:09:09+00:00 NOTICE handleOrderUpdate :: order_status
2024-04-05T23:09:09+00:00 NOTICE handleOrderUpdate :: order_status
2024-04-05T23:09:09+00:00 NOTICE handleOrderUpdate :: order_status
2024-04-05T23:42:02+00:00 NOTICE handleOrderUpdate :: order_status
2024-04-05T23:42:02+00:00 NOTICE handleOrderUpdate :: order_status
2024-04-05T23:56:43+00:00 NOTICE handleOrderUpdate :: order_status
2024-04-05T23:56:43+00:00 NOTICE handleOrderUpdate :: order_status
2024-04-05T23:56:45+00:00 NOTICE handleOrderUpdate :: order_status
2024-04-05T23:56:45+00:00 NOTICE handleOrderUpdate :: order_status
