2024-04-06T00:19:19+00:00 DEBUG Tt4b_Pixel_Class::inject_add_to_cart_event: hit AddToCart
2024-04-06T00:19:19+00:00 DEBUG Tt4b_Pixel_Class::inject_add_to_cart_event: Missing option "access_token"
2024-04-06T00:19:21+00:00 DEBUG Tt4b_Pixel_Class::inject_add_to_cart_event: hit AddToCart
2024-04-06T00:19:21+00:00 DEBUG Tt4b_Pixel_Class::inject_add_to_cart_event: Missing option "access_token"
2024-04-06T00:20:22+00:00 DEBUG Tt4b_Pixel_Class::inject_add_to_cart_event: hit AddToCart
2024-04-06T00:20:22+00:00 DEBUG Tt4b_Pixel_Class::inject_add_to_cart_event: Missing option "access_token"
2024-04-06T00:20:29+00:00 DEBUG Tt4b_Pixel_Class::inject_add_to_cart_event: hit AddToCart
2024-04-06T00:20:29+00:00 DEBUG Tt4b_Pixel_Class::inject_add_to_cart_event: Missing option "access_token"
2024-04-06T00:21:15+00:00 DEBUG Tt4b_Pixel_Class::inject_add_to_cart_event: hit AddToCart
2024-04-06T00:21:15+00:00 DEBUG Tt4b_Pixel_Class::inject_add_to_cart_event: Missing option "access_token"
2024-04-06T00:21:21+00:00 DEBUG Tt4b_Pixel_Class::inject_add_to_cart_event: hit AddToCart
2024-04-06T00:21:21+00:00 DEBUG Tt4b_Pixel_Class::inject_add_to_cart_event: Missing option "access_token"
2024-04-06T00:22:27+00:00 DEBUG Tt4b_Pixel_Class::inject_add_to_cart_event: hit AddToCart
2024-04-06T00:22:27+00:00 DEBUG Tt4b_Pixel_Class::inject_add_to_cart_event: Missing option "access_token"
2024-04-06T00:22:39+00:00 DEBUG Tt4b_Pixel_Class::inject_add_to_cart_event: hit AddToCart
2024-04-06T00:22:39+00:00 DEBUG Tt4b_Pixel_Class::inject_add_to_cart_event: Missing option "access_token"
2024-04-06T00:39:20+00:00 DEBUG Tt4b_Pixel_Class::inject_add_to_cart_event: hit AddToCart
2024-04-06T00:39:20+00:00 DEBUG Tt4b_Pixel_Class::inject_add_to_cart_event: Missing option "access_token"
2024-04-06T00:45:17+00:00 DEBUG Tt4b_Pixel_Class::inject_add_to_cart_event: hit AddToCart
2024-04-06T00:45:17+00:00 DEBUG Tt4b_Pixel_Class::inject_add_to_cart_event: Missing option "access_token"
2024-04-06T00:45:23+00:00 DEBUG Tt4b_Pixel_Class::inject_add_to_cart_event: hit AddToCart
2024-04-06T00:45:23+00:00 DEBUG Tt4b_Pixel_Class::inject_add_to_cart_event: Missing option "access_token"
2024-04-06T00:45:32+00:00 DEBUG Tt4b_Pixel_Class::inject_purchase_event: hit Purchase
2024-04-06T00:45:32+00:00 DEBUG Tt4b_Pixel_Class::inject_purchase_event: Missing option "access_token"
2024-04-06T01:32:10+00:00 DEBUG Tt4b_Pixel_Class::inject_add_to_cart_event: hit AddToCart
2024-04-06T01:32:10+00:00 DEBUG Tt4b_Pixel_Class::inject_add_to_cart_event: Missing option "access_token"
2024-04-06T01:32:16+00:00 DEBUG Tt4b_Pixel_Class::inject_purchase_event: hit Purchase
2024-04-06T01:32:16+00:00 DEBUG Tt4b_Pixel_Class::inject_purchase_event: Missing option "access_token"
2024-04-06T02:27:04+00:00 DEBUG Tt4b_Pixel_Class::inject_add_to_cart_event: hit AddToCart
2024-04-06T02:27:04+00:00 DEBUG Tt4b_Pixel_Class::inject_add_to_cart_event: Missing option "access_token"
2024-04-06T02:27:05+00:00 DEBUG Tt4b_Pixel_Class::inject_add_to_cart_event: hit AddToCart
2024-04-06T02:27:05+00:00 DEBUG Tt4b_Pixel_Class::inject_add_to_cart_event: Missing option "access_token"
2024-04-06T21:12:28+00:00 DEBUG POST: https://business-api.tiktok.com/tbp/v2.0/business_profile/disconnect?external_data=

{"business_platform":"WOO_COMMERCE","external_business_id":"tt4b_woocommerce_660f544047bfb"}
 ajax: no
2024-04-06T21:12:29+00:00 DEBUG Tt4b_Mapi_Class::tbp_post: Response: 

HTTP/1.1 200 OK
Content-Type: application/json; charset=utf-8
Content-Length: 95
X-Api-Deprecation-Info: API for Business Version 1.3 is now live. To avoid disruption to your business, we recommend you migrate all calls to v1.3 as soon as possible. Please visit our migration guide for more details: https://ads.tiktok.com/marketing_api/docs?id=1740029169927169
X-Domain-Change-Info: We have moved to the new domain business-api.tiktok.com for API services after the Platform Upgrade on 09/30/2021. Please update all of your requests with the new domain if you haven't done so already. For more information, please visit https://ads.tiktok.com/marketing_api/docs?rid=esb88xalm6m&id=1709207085043713
X-Tt-Logid: 202404062112280D1A7B99F0617D939CD4
x-tt-trace-host: 01a2deae55230c219891f95a84385ac221bd4ca7e8434a2faf27167246ae54ee33736f6420303d513f288f6444290594d60f628dab7ea99d30f7e1587699ecdd7f51d425d86d13191f45083d9c6f5d0418afd391aa04e49c9cef21eb0a78196d11acd2745a4d2b7f839740e527e6fada96079797b62ff9b029363dd14d844b8fca
x-tt-trace-id: 00-2404062112280D1A7B99F0617D939CD4-196A2CFD5CB98244-00
Server: TLB
X-Origin-Response-Time: 23,23.210.250.119
X-Akamai-Request-ID: 3ca1bc47.40ee9ab4
Expires: Sat, 06 Apr 2024 21:12:29 GMT
Cache-Control: max-age=0, no-cache, no-store
Pragma: no-cache
Date: Sat, 06 Apr 2024 21:12:29 GMT
X-Cache: TCP_MISS from a104-120-210-150.deploy.akamaitechnologies.com (AkamaiGHost/11.4.4.1-55336823) (-)
Connection: close
X-Cache-Remote: TCP_MISS from a23-210-250-119.deploy.akamaitechnologies.com (AkamaiGHost/11.4.4.1-55336823) (-)
x-tt-trace-tag: id=16;cdn-cache=miss;type=dyn
Server-Timing: cdn-cache; desc=MISS, edge; dur=216, origin; dur=22
Server-Timing: inner; dur=17
X-Parent-Response-Time: 238,104.120.210.150

{"code":40001,"message":"Permission denied.","request_id":"202404062112280D1A7B99F0617D939CD4"}
2024-04-06T21:12:29+00:00 DEBUG POST: https://business-api.tiktok.com/tbp/v2.0/shop/connection/disconnect?external_data=

--- EMPTY STRING ---
 ajax: no
2024-04-06T21:12:29+00:00 DEBUG Tt4b_Mapi_Class::tts_shop_disconnect: Response: 

HTTP/1.1 200 OK
Content-Type: application/json; charset=utf-8
Content-Length: 95
X-Api-Deprecation-Info: API for Business Version 1.3 is now live. To avoid disruption to your business, we recommend you migrate all calls to v1.3 as soon as possible. Please visit our migration guide for more details: https://ads.tiktok.com/marketing_api/docs?id=1740029169927169
X-Domain-Change-Info: We have moved to the new domain business-api.tiktok.com for API services after the Platform Upgrade on 09/30/2021. Please update all of your requests with the new domain if you haven't done so already. For more information, please visit https://ads.tiktok.com/marketing_api/docs?rid=esb88xalm6m&id=1709207085043713
X-Tt-Logid: 202404062112284B03411EB7A02D93ED94
x-tt-trace-host: 01a2deae55230c219891f95a84385ac221bd4ca7e8434a2faf27167246ae54ee33736f6420303d513f288f6444290594d60f628dab7ea99d30f7e1587699ecdd7fddb1fe0b54cdec291f32174594d8ece86d15bd15f42ce41ec30762c41d94aa8e37cfa632393025dffaae1e36fb2730ba
x-tt-trace-id: 00-2404062112284B03411EB7A02D93ED94-6F21B6771AADF298-00
Server: TLB
X-Origin-Response-Time: 18,23.210.250.119
X-Akamai-Request-ID: 3ca1c169.40eea580
Expires: Sat, 06 Apr 2024 21:12:29 GMT
Cache-Control: max-age=0, no-cache, no-store
Pragma: no-cache
Date: Sat, 06 Apr 2024 21:12:29 GMT
X-Cache: TCP_MISS from a104-120-210-150.deploy.akamaitechnologies.com (AkamaiGHost/11.4.4.1-55336823) (-)
Connection: close
X-Cache-Remote: TCP_MISS from a23-210-250-119.deploy.akamaitechnologies.com (AkamaiGHost/11.4.4.1-55336823) (-)
x-tt-trace-tag: id=16;cdn-cache=miss;type=dyn
Server-Timing: cdn-cache; desc=MISS, edge; dur=220, origin; dur=17
Server-Timing: inner; dur=13
X-Parent-Response-Time: 235,104.120.210.150

{"code":40001,"message":"Permission denied.","request_id":"202404062112284B03411EB7A02D93ED94"}
